<?xml version="1.0" encoding="UTF-8"?>
<testsuite xmlns:xsi="http://www.w3.org/2001/XMLSchema-instance" xsi:noNamespaceSchemaLocation="https://maven.apache.org/surefire/maven-surefire-plugin/xsd/surefire-test-report-3.0.xsd" version="3.0" name="AlgoTest" time="0.092" tests="1" errors="0" skipped="0" failures="0">
  <properties>
    <property name="java.specification.version" value="21"/>
    <property name="sun.cpu.isalist" value="amd64"/>
    <property name="sun.jnu.encoding" value="Cp1252"/>
    <property name="java.class.path" value="C:\Users\sacha\Documents\BUT1\S2\SAE\JAVA\FFRplane\target\test-classes;C:\Users\sacha\Documents\BUT1\S2\SAE\JAVA\FFRplane\target\classes;C:\Users\sacha\.m2\repository\commons-logging\commons-logging\1.2\commons-logging-1.2.jar;C:\Users\sacha\.m2\repository\org\jxmapviewer\jxmapviewer2\2.8\jxmapviewer2-2.8.jar;C:\Users\sacha\.m2\repository\com\miglayout\miglayout-swing\11.3\miglayout-swing-11.3.jar;C:\Users\sacha\.m2\repository\com\miglayout\miglayout-core\11.3\miglayout-core-11.3.jar;C:\Users\sacha\.m2\repository\com\formdev\flatlaf\3.4.1\flatlaf-3.4.1.jar;C:\Users\sacha\.m2\repository\com\formdev\flatlaf-extras\3.4.1\flatlaf-extras-3.4.1.jar;C:\Users\sacha\.m2\repository\com\github\weisj\jsvg\1.4.0\jsvg-1.4.0.jar;C:\Users\sacha\.m2\repository\com\formdev\flatlaf-fonts-roboto\2.137\flatlaf-fonts-roboto-2.137.jar;C:\Users\sacha\.m2\repository\uk\co\caprica\vlcj\4.8.2\vlcj-4.8.2.jar;C:\Users\sacha\.m2\repository\uk\co\caprica\vlcj-natives\4.8.1\vlcj-natives-4.8.1.jar;C:\Users\sacha\.m2\repository\net\java\dev\jna\jna-jpms\5.12.1\jna-jpms-5.12.1.jar;C:\Users\sacha\.m2\repository\net\java\dev\jna\jna-platform-jpms\5.12.1\jna-platform-jpms-5.12.1.jar;C:\Users\sacha\.m2\repository\org\netbeans\external\AbsoluteLayout\RELEASE190\AbsoluteLayout-RELEASE190.jar;C:\Users\sacha\.m2\repository\org\graphstream\gs-algo\1.1.2\gs-algo-1.1.2.jar;C:\Users\sacha\.m2\repository\org\apache\commons\commons-math\2.1\commons-math-2.1.jar;C:\Users\sacha\.m2\repository\org\graphstream\gs-core\1.1.2\gs-core-1.1.2.jar;C:\Users\sacha\.m2\repository\org\graphstream\pherd\1.0\pherd-1.0.jar;C:\Users\sacha\.m2\repository\org\graphstream\mbox2\1.0\mbox2-1.0.jar;C:\Users\sacha\.m2\repository\org\jfree\jfreechart\1.0.14\jfreechart-1.0.14.jar;C:\Users\sacha\.m2\repository\org\jfree\jcommon\1.0.17\jcommon-1.0.17.jar;C:\Users\sacha\.m2\repository\xml-apis\xml-apis\1.3.04\xml-apis-1.3.04.jar;C:\Users\sacha\.m2\repository\com\lowagie\itext\2.1.5\itext-2.1.5.jar;C:\Users\sacha\.m2\repository\bouncycastle\bcmail-jdk14\138\bcmail-jdk14-138.jar;C:\Users\sacha\.m2\repository\bouncycastle\bcprov-jdk14\138\bcprov-jdk14-138.jar;C:\Users\sacha\.m2\repository\junit\junit\4.9\junit-4.9.jar;C:\Users\sacha\.m2\repository\org\hamcrest\hamcrest-core\1.1\hamcrest-core-1.1.jar;"/>
    <property name="java.vm.vendor" value="Oracle Corporation"/>
    <property name="sun.arch.data.model" value="64"/>
    <property name="user.variant" value=""/>
    <property name="java.vendor.url" value="https://java.oracle.com/"/>
    <property name="user.timezone" value="Europe/Paris"/>
    <property name="os.name" value="Windows 11"/>
    <property name="java.vm.specification.version" value="21"/>
    <property name="user.country" value="FR"/>
    <property name="sun.java.launcher" value="SUN_STANDARD"/>
    <property name="sun.boot.library.path" value="C:\Program Files\Java\jdk-21\bin"/>
    <property name="sun.java.command" value="C:\Users\sacha\AppData\Local\Temp\surefire6724128719750327833\surefirebooter-20240610033619879_3.jar C:\Users\sacha\AppData\Local\Temp\surefire6724128719750327833 2024-06-10T03-36-19_706-jvmRun1 surefire-20240610033619879_1tmp surefire_0-20240610033619879_2tmp"/>
    <property name="jdk.debug" value="release"/>
    <property name="test" value="AlgoTest#testCopyGraphWithAttributes"/>
    <property name="surefire.test.class.path" value="C:\Users\sacha\Documents\BUT1\S2\SAE\JAVA\FFRplane\target\test-classes;C:\Users\sacha\Documents\BUT1\S2\SAE\JAVA\FFRplane\target\classes;C:\Users\sacha\.m2\repository\commons-logging\commons-logging\1.2\commons-logging-1.2.jar;C:\Users\sacha\.m2\repository\org\jxmapviewer\jxmapviewer2\2.8\jxmapviewer2-2.8.jar;C:\Users\sacha\.m2\repository\com\miglayout\miglayout-swing\11.3\miglayout-swing-11.3.jar;C:\Users\sacha\.m2\repository\com\miglayout\miglayout-core\11.3\miglayout-core-11.3.jar;C:\Users\sacha\.m2\repository\com\formdev\flatlaf\3.4.1\flatlaf-3.4.1.jar;C:\Users\sacha\.m2\repository\com\formdev\flatlaf-extras\3.4.1\flatlaf-extras-3.4.1.jar;C:\Users\sacha\.m2\repository\com\github\weisj\jsvg\1.4.0\jsvg-1.4.0.jar;C:\Users\sacha\.m2\repository\com\formdev\flatlaf-fonts-roboto\2.137\flatlaf-fonts-roboto-2.137.jar;C:\Users\sacha\.m2\repository\uk\co\caprica\vlcj\4.8.2\vlcj-4.8.2.jar;C:\Users\sacha\.m2\repository\uk\co\caprica\vlcj-natives\4.8.1\vlcj-natives-4.8.1.jar;C:\Users\sacha\.m2\repository\net\java\dev\jna\jna-jpms\5.12.1\jna-jpms-5.12.1.jar;C:\Users\sacha\.m2\repository\net\java\dev\jna\jna-platform-jpms\5.12.1\jna-platform-jpms-5.12.1.jar;C:\Users\sacha\.m2\repository\org\netbeans\external\AbsoluteLayout\RELEASE190\AbsoluteLayout-RELEASE190.jar;C:\Users\sacha\.m2\repository\org\graphstream\gs-algo\1.1.2\gs-algo-1.1.2.jar;C:\Users\sacha\.m2\repository\org\apache\commons\commons-math\2.1\commons-math-2.1.jar;C:\Users\sacha\.m2\repository\org\graphstream\gs-core\1.1.2\gs-core-1.1.2.jar;C:\Users\sacha\.m2\repository\org\graphstream\pherd\1.0\pherd-1.0.jar;C:\Users\sacha\.m2\repository\org\graphstream\mbox2\1.0\mbox2-1.0.jar;C:\Users\sacha\.m2\repository\org\jfree\jfreechart\1.0.14\jfreechart-1.0.14.jar;C:\Users\sacha\.m2\repository\org\jfree\jcommon\1.0.17\jcommon-1.0.17.jar;C:\Users\sacha\.m2\repository\xml-apis\xml-apis\1.3.04\xml-apis-1.3.04.jar;C:\Users\sacha\.m2\repository\com\lowagie\itext\2.1.5\itext-2.1.5.jar;C:\Users\sacha\.m2\repository\bouncycastle\bcmail-jdk14\138\bcmail-jdk14-138.jar;C:\Users\sacha\.m2\repository\bouncycastle\bcprov-jdk14\138\bcprov-jdk14-138.jar;C:\Users\sacha\.m2\repository\junit\junit\4.9\junit-4.9.jar;C:\Users\sacha\.m2\repository\org\hamcrest\hamcrest-core\1.1\hamcrest-core-1.1.jar;"/>
    <property name="sun.cpu.endian" value="little"/>
    <property name="user.home" value="C:\Users\sacha"/>
    <property name="user.language" value="fr"/>
    <property name="java.specification.vendor" value="Oracle Corporation"/>
    <property name="java.version.date" value="2024-01-16"/>
    <property name="java.home" value="C:\Program Files\Java\jdk-21"/>
    <property name="file.separator" value="\"/>
    <property name="basedir" value="C:\Users\sacha\Documents\BUT1\S2\SAE\JAVA\FFRplane"/>
    <property name="java.vm.compressedOopsMode" value="Zero based"/>
    <property name="line.separator" value="&#10;"/>
    <property name="java.vm.specification.vendor" value="Oracle Corporation"/>
    <property name="java.specification.name" value="Java Platform API Specification"/>
    <property name="surefire.real.class.path" value="C:\Users\sacha\AppData\Local\Temp\surefire6724128719750327833\surefirebooter-20240610033619879_3.jar"/>
    <property name="user.script" value=""/>
    <property name="sun.management.compiler" value="HotSpot 64-Bit Tiered Compilers"/>
    <property name="java.runtime.version" value="21.0.2+13-LTS-58"/>
    <property name="user.name" value="sacha"/>
    <property name="stdout.encoding" value="Cp1252"/>
    <property name="path.separator" value=";"/>
    <property name="os.version" value="10.0"/>
    <property name="java.runtime.name" value="Java(TM) SE Runtime Environment"/>
    <property name="file.encoding" value="UTF-8"/>
    <property name="java.vm.name" value="Java HotSpot(TM) 64-Bit Server VM"/>
    <property name="maven.ext.class.path" value="C:\Program Files\NetBeans-21\netbeans\java\maven-nblib\netbeans-eventspy.jar"/>
    <property name="localRepository" value="C:\Users\sacha\.m2\repository"/>
    <property name="java.vendor.url.bug" value="https://bugreport.java.com/bugreport/"/>
    <property name="java.io.tmpdir" value="C:\Users\sacha\AppData\Local\Temp\"/>
    <property name="java.version" value="21.0.2"/>
    <property name="user.dir" value="C:\Users\sacha\Documents\BUT1\S2\SAE\JAVA\FFRplane"/>
    <property name="os.arch" value="amd64"/>
    <property name="java.vm.specification.name" value="Java Virtual Machine Specification"/>
    <property name="sun.os.patch.level" value=""/>
    <property name="native.encoding" value="Cp1252"/>
    <property name="java.library.path" value="C:\Program Files\Java\jdk-21\bin;C:\Windows\Sun\Java\bin;C:\Windows\system32;C:\Windows;C:\Program Files\Oracle Client for Microsoft Tools\;C:\Program Files\Eclipse Adoptium\jdk-21.0.2.13-hotspot\bin;C:\Program Files\Common Files\Oracle\Java\javapath;C:\Program Files (x86)\bin\;C:\Windows\system32;C:\Windows;C:\Windows\System32\Wbem;C:\Windows\System32\WindowsPowerShell\v1.0\;C:\Windows\System32\OpenSSH\;C:\Program Files\Git\cmd;C:\Program Files\TortoiseGit\bin;C;C:\Program Files\MySQL\MySQL Shell 8.0\bin\;C:\Users\sacha\AppData\Local\Programs\Python\Python312\Scripts\;C:\Users\sacha\AppData\Local\Programs\Python\Python312\;C:\Users\sacha\AppData\Local\Microsoft\WindowsApps;C:\Logiciel\Microsoft VS Code\bin;C:\Program Files\Python;;."/>
    <property name="java.vm.info" value="mixed mode, sharing"/>
    <property name="stderr.encoding" value="Cp1252"/>
    <property name="java.vendor" value="Oracle Corporation"/>
    <property name="java.vm.version" value="21.0.2+13-LTS-58"/>
    <property name="sun.io.unicode.encoding" value="UnicodeLittle"/>
    <property name="java.class.version" value="65.0"/>
  </properties>
  <testcase name="testCopyGraphWithAttributes" classname="AlgoTest" time="0.034"/>
</testsuite>